-------------------------------------------------------------------------------
Test set: demo.vulnerableapp.demovulnerableapp.DemovulnerableappApplicationTests
-------------------------------------------------------------------------------
Tests run: 1, Failures: 0, Errors: 1, Skipped: 0, Time elapsed: 0.332 s <<< FAILURE! - in demo.vulnerableapp.demovulnerableapp.DemovulnerableappApplicationTests
demo.vulnerableapp.demovulnerableapp.DemovulnerableappApplicationTests  Time elapsed: 0.331 s  <<< ERROR!
java.lang.IllegalStateException: Found multiple @SpringBootConfiguration annotated classes [Generic bean: class [demo.vulnerableapp.demovulnerableapp.DemovulnerableappApplication]; scope=; abstract=false; lazyInit=null; autowireMode=0; dependencyCheck=0; autowireCandidate=true; primary=false; factoryBeanName=null; factoryMethodName=null; initMethodName=null; destroyMethodName=null; defined in file [/Users/vieira/Documents/Github-Projects/spring-boot-react-demo-app/target/classes/demo/vulnerableapp/demovulnerableapp/DemovulnerableappApplication.class], Generic bean: class [demo.vulnerableapp.demovulnerableapp.ReactAndSpringDataRestApplication]; scope=; abstract=false; lazyInit=null; autowireMode=0; dependencyCheck=0; autowireCandidate=true; primary=false; factoryBeanName=null; factoryMethodName=null; initMethodName=null; destroyMethodName=null; defined in file [/Users/vieira/Documents/Github-Projects/spring-boot-react-demo-app/target/classes/demo/vulnerableapp/demovulnerableapp/ReactAndSpringDataRestApplication.class]]

